LexToken(H1,'# ',1,0)
LexToken(CHAR,'f',1,2)
LexToken(CHAR,'o',1,3)
LexToken(CHAR,'r',1,4)
LexToken(CHAR,'r',1,5)
LexToken(CHAR,'e',1,6)
LexToken(CHAR,'s',1,7)
LexToken(CHAR,'t',1,8)
LexToken(SPACE,' ',1,9)
LexToken(CHAR,'g',1,10)
LexToken(CHAR,'u',1,11)
LexToken(CHAR,'m',1,12)
LexToken(CHAR,'p',1,13)
LexToken(CR,'\n\n\n',1,14)
LexToken(H2,'## ',4,17)
LexToken(CHAR,'O',4,20)
LexToken(CHAR,'P',4,21)
LexToken(CHAR,'E',4,22)
LexToken(CHAR,'N',4,23)
LexToken(CHAR,'I',4,24)
LexToken(CHAR,'N',4,25)
LexToken(CHAR,'G',4,26)
LexToken(CR,'\n\n',4,27)
LexToken(DOUBLESTAROPEN,'**',6,29)
LexToken(CHAR,'h',6,31)
LexToken(CHAR,'e',6,32)
LexToken(CHAR,'l',6,33)
LexToken(CHAR,'l',6,34)
LexToken(CHAR,'o',6,35)
LexToken(DOUBLESTARCLOSE,'**',6,36)
LexToken(CHAR,',',6,38)
LexToken(SPACE,' ',6,39)
LexToken(DOUBLESTAROPEN,'**',6,40)
LexToken(CHAR,'m',6,42)
LexToken(CHAR,'y',6,43)
LexToken(SPACE,' ',6,44)
LexToken(CHAR,'n',6,45)
LexToken(CHAR,'a',6,46)
LexToken(CHAR,'m',6,47)
LexToken(CHAR,'e',6,48)
LexToken(SPACE,' ',6,49)
LexToken(CHAR,'i',6,50)
LexToken(CHAR,'s',6,51)
LexToken(SPACE,' ',6,52)
LexToken(CHAR,'f',6,53)
LexToken(CHAR,'o',6,54)
LexToken(CHAR,'r',6,55)
LexToken(CHAR,'r',6,56)
LexToken(CHAR,'e',6,57)
LexToken(CHAR,'s',6,58)
LexToken(CHAR,'t',6,59)
LexToken(DOUBLESTARCLOSE,'**',6,60)
LexToken(CHAR,',',6,62)
LexToken(SPACE,' ',6,63)
LexToken(CODEOPEN,'`',6,64)
LexToken(CHAR,'f',6,65)
LexToken(CHAR,'o',6,66)
LexToken(CHAR,'r',6,67)
LexToken(CHAR,'r',6,68)
LexToken(CHAR,'e',6,69)
LexToken(CHAR,'s',6,70)
LexToken(CHAR,'t',6,71)
LexToken(SPACE,' ',6,72)
LexToken(CHAR,'g',6,73)
LexToken(CHAR,'u',6,74)
LexToken(CHAR,'m',6,75)
LexToken(CHAR,'p',6,76)
LexToken(CODECLOSE,'`',6,77)
LexToken(CHAR,'.',6,78)
LexToken(SPACE,' ',6,79)
LexToken(CHAR,'d',6,80)
LexToken(CHAR,'o',6,81)
LexToken(SPACE,' ',6,82)
LexToken(CHAR,'y',6,83)
LexToken(CHAR,'o',6,84)
LexToken(CHAR,'u',6,85)
LexToken(SPACE,' ',6,86)
LexToken(CHAR,'w',6,87)
LexToken(CHAR,'a',6,88)
LexToken(CHAR,'n',6,89)
LexToken(CHAR,'t',6,90)
LexToken(SPACE,' ',6,91)
LexToken(CHAR,'c',6,92)
LexToken(CHAR,'h',6,93)
LexToken(CHAR,'o',6,94)
LexToken(CHAR,'c',6,95)
LexToken(CHAR,'o',6,96)
LexToken(CHAR,'l',6,97)
LexToken(CHAR,'a',6,98)
LexToken(CHAR,'t',6,99)
LexToken(CHAR,'e',6,100)
LexToken(CHAR,',',6,101)
LexToken(SPACE,' ',6,102)
LexToken(CHAR,'i',6,103)
LexToken(SPACE,' ',6,104)
LexToken(CHAR,'c',6,105)
LexToken(CHAR,'o',6,106)
LexToken(CHAR,'u',6,107)
LexToken(CHAR,'l',6,108)
LexToken(CHAR,'d',6,109)
LexToken(SPACE,' ',6,110)
LexToken(CHAR,'e',6,111)
LexToken(CHAR,'a',6,112)
LexToken(CHAR,'t',6,113)
LexToken(SPACE,' ',6,114)
LexToken(CHAR,'a',6,115)
LexToken(CHAR,'b',6,116)
LexToken(CHAR,'o',6,117)
LexToken(CHAR,'u',6,118)
LexToken(CHAR,'t',6,119)
LexToken(SPACE,' ',6,120)
LexToken(CHAR,'a',6,121)
LexToken(SPACE,' ',6,122)
LexToken(CHAR,'m',6,123)
LexToken(CHAR,'i',6,124)
LexToken(CHAR,'l',6,125)
LexToken(CHAR,'l',6,126)
LexToken(CHAR,'i',6,127)
LexToken(CHAR,'o',6,128)
LexToken(CHAR,'n',6,129)
LexToken(SPACE,' ',6,130)
LexToken(CHAR,'a',6,131)
LexToken(CHAR,'n',6,132)
LexToken(CHAR,'d',6,133)
LexToken(SPACE,' ',6,134)
LexToken(CHAR,'a',6,135)
LexToken(SPACE,' ',6,136)
LexToken(CHAR,'h',6,137)
LexToken(CHAR,'a',6,138)
LexToken(CHAR,'l',6,139)
LexToken(CHAR,'f',6,140)
LexToken(SPACE,' ',6,141)
LexToken(CHAR,'o',6,142)
LexToken(CHAR,'f',6,143)
LexToken(SPACE,' ',6,144)
LexToken(CHAR,'t',6,145)
LexToken(CHAR,'h',6,146)
LexToken(CHAR,'e',6,147)
LexToken(CHAR,'s',6,148)
LexToken(CHAR,'e',6,149)
LexToken(CHAR,'.',6,150)
LexToken(SPACE,' ',6,151)
LexToken(CHAR,'m',6,152)
LexToken(CHAR,'y',6,153)
LexToken(SPACE,' ',6,154)
LexToken(CHAR,'m',6,155)
LexToken(CHAR,'a',6,156)
LexToken(CHAR,'m',6,157)
LexToken(CHAR,'a',6,158)
LexToken(SPACE,' ',6,159)
LexToken(CHAR,'a',6,160)
LexToken(CHAR,'l',6,161)
LexToken(CHAR,'w',6,162)
LexToken(CHAR,'a',6,163)
LexToken(CHAR,'y',6,164)
LexToken(CHAR,'s',6,165)
LexToken(SPACE,' ',6,166)
LexToken(CHAR,'s',6,167)
LexToken(CHAR,'a',6,168)
LexToken(CHAR,'i',6,169)
LexToken(CHAR,'d',6,170)
LexToken(CHAR,',',6,171)
LexToken(SPACE,' ',6,172)
LexToken(CHAR,'l',6,173)
LexToken(CHAR,'i',6,174)
LexToken(CHAR,'f',6,175)
LexToken(CHAR,'e',6,176)
LexToken(SPACE,' ',6,177)
LexToken(CHAR,'w',6,178)
LexToken(CHAR,'a',6,179)
LexToken(CHAR,'s',6,180)
LexToken(SPACE,' ',6,181)
LexToken(CHAR,'l',6,182)
LexToken(CHAR,'i',6,183)
LexToken(CHAR,'k',6,184)
LexToken(CHAR,'e',6,185)
LexToken(SPACE,' ',6,186)
LexToken(CHAR,'a',6,187)
LexToken(SPACE,' ',6,188)
LexToken(CHAR,'b',6,189)
LexToken(CHAR,'o',6,190)
LexToken(CHAR,'x',6,191)
LexToken(SPACE,' ',6,192)
LexToken(CHAR,'o',6,193)
LexToken(CHAR,'f',6,194)
LexToken(SPACE,' ',6,195)
LexToken(DOUBLEUNDERLINEOPEN,'__',6,196)
LexToken(CHAR,'c',6,198)
LexToken(CHAR,'h',6,199)
LexToken(CHAR,'o',6,200)
LexToken(CHAR,'c',6,201)
LexToken(CHAR,'o',6,202)
LexToken(CHAR,'l',6,203)
LexToken(CHAR,'a',6,204)
LexToken(CHAR,'t',6,205)
LexToken(CHAR,'e',6,206)
LexToken(CHAR,'s',6,207)
LexToken(DOUBLEUNDERLINECLOSE,'__',6,208)
LexToken(CHAR,'.',6,210)
LexToken(SPACE,' ',6,211)
LexToken(CHAR,'y',6,212)
LexToken(CHAR,'o',6,213)
LexToken(CHAR,'u',6,214)
LexToken(SPACE,' ',6,215)
LexToken(CHAR,'n',6,216)
LexToken(CHAR,'e',6,217)
LexToken(CHAR,'v',6,218)
LexToken(CHAR,'e',6,219)
LexToken(CHAR,'r',6,220)
LexToken(SPACE,' ',6,221)
LexToken(CHAR,'k',6,222)
LexToken(CHAR,'n',6,223)
LexToken(CHAR,'o',6,224)
LexToken(CHAR,'w',6,225)
LexToken(SPACE,' ',6,226)
LexToken(CHAR,'w',6,227)
LexToken(CHAR,'h',6,228)
LexToken(CHAR,'a',6,229)
LexToken(CHAR,'t',6,230)
LexToken(SPACE,' ',6,231)
LexToken(CHAR,'y',6,232)
LexToken(CHAR,'o',6,233)
LexToken(CHAR,'u',6,234)
LexToken(SPACE,' ',6,235)
LexToken(CHAR,'a',6,236)
LexToken(CHAR,'r',6,237)
LexToken(CHAR,'e',6,238)
LexToken(SPACE,' ',6,239)
LexToken(CHAR,'g',6,240)
LexToken(CHAR,'o',6,241)
LexToken(CHAR,'i',6,242)
LexToken(CHAR,'n',6,243)
LexToken(CHAR,'g',6,244)
LexToken(SPACE,' ',6,245)
LexToken(CHAR,'t',6,246)
LexToken(CHAR,'o',6,247)
LexToken(SPACE,' ',6,248)
LexToken(CHAR,'g',6,249)
LexToken(CHAR,'e',6,250)
LexToken(CHAR,'t',6,251)
LexToken(CHAR,'.',6,252)
LexToken(CR,'\n\n',6,253)
LexToken(H2,'## ',8,255)
LexToken(CHAR,'S',8,258)
LexToken(CHAR,'H',8,259)
LexToken(CHAR,'O',8,260)
LexToken(CHAR,'E',8,261)
LexToken(CHAR,'S',8,262)
LexToken(CR,'\n\n',8,263)
LexToken(CHAR,'t',10,265)
LexToken(CHAR,'h',10,266)
LexToken(CHAR,'e',10,267)
LexToken(CHAR,'s',10,268)
LexToken(CHAR,'e',10,269)
LexToken(SPACE,' ',10,270)
LexToken(CHAR,'m',10,271)
LexToken(CHAR,'u',10,272)
LexToken(CHAR,'s',10,273)
LexToken(CHAR,'t',10,274)
LexToken(SPACE,' ',10,275)
LexToken(CHAR,'b',10,276)
LexToken(CHAR,'e',10,277)
LexToken(SPACE,'  ',10,278)
LexToken(DOUBLESTAROPEN,'**',10,280)
LexToken(CHAR,'c',10,282)
LexToken(CHAR,'o',10,283)
LexToken(CHAR,'m',10,284)
LexToken(CHAR,'f',10,285)
LexToken(CHAR,'o',10,286)
LexToken(CHAR,'r',10,287)
LexToken(CHAR,'t',10,288)
LexToken(CHAR,'a',10,289)
LexToken(CHAR,'b',10,290)
LexToken(CHAR,'l',10,291)
LexToken(CHAR,'e',10,292)
LexToken(SPACE,' ',10,293)
LexToken(CHAR,'s',10,294)
LexToken(CHAR,'h',10,295)
LexToken(CHAR,'o',10,296)
LexToken(CHAR,'e',10,297)
LexToken(CHAR,'s',10,298)
LexToken(DOUBLESTARCLOSE,'**',10,299)
LexToken(CHAR,',',10,301)
LexToken(SPACE,' ',10,302)
LexToken(CHAR,'i',10,303)
LexToken(SPACE,' ',10,304)
LexToken(CHAR,'b',10,305)
LexToken(CHAR,'e',10,306)
LexToken(CHAR,'t',10,307)
LexToken(SPACE,' ',10,308)
LexToken(CHAR,'y',10,309)
LexToken(CHAR,'o',10,310)
LexToken(CHAR,'u',10,311)
LexToken(SPACE,' ',10,312)
LexToken(CHAR,'c',10,313)
LexToken(CHAR,'l',10,314)
LexToken(CHAR,'o',10,315)
LexToken(CHAR,'u',10,316)
LexToken(CHAR,'d',10,317)
LexToken(SPACE,' ',10,318)
LexToken(CHAR,'w',10,319)
LexToken(CHAR,'a',10,320)
LexToken(CHAR,'l',10,321)
LexToken(CHAR,'k',10,322)
LexToken(SPACE,' ',10,323)
LexToken(CHAR,'a',10,324)
LexToken(CHAR,'l',10,325)
LexToken(CHAR,'l',10,326)
LexToken(SPACE,' ',10,327)
LexToken(CHAR,'d',10,328)
LexToken(CHAR,'a',10,329)
LexToken(CHAR,'y',10,330)
LexToken(SPACE,' ',10,331)
LexToken(CHAR,'i',10,332)
LexToken(CHAR,'n',10,333)
LexToken(SPACE,' ',10,334)
LexToken(UNDERLINEOPEN,'_',10,335)
LexToken(CHAR,'s',10,336)
LexToken(CHAR,'h',10,337)
LexToken(CHAR,'o',10,338)
LexToken(CHAR,'e',10,339)
LexToken(CHAR,'s',10,340)
LexToken(UNDERLINECLOSE,'_',10,341)
LexToken(SPACE,' ',10,342)
LexToken(CHAR,'l',10,343)
LexToken(CHAR,'i',10,344)
LexToken(CHAR,'k',10,345)
LexToken(CHAR,'e',10,346)
LexToken(SPACE,' ',10,347)
LexToken(CHAR,'t',10,348)
LexToken(CHAR,'h',10,349)
LexToken(CHAR,'a',10,350)
LexToken(CHAR,'t',10,351)
LexToken(SPACE,' ',10,352)
LexToken(CHAR,'a',10,353)
LexToken(CHAR,'n',10,354)
LexToken(CHAR,'d',10,355)
LexToken(SPACE,' ',10,356)
LexToken(CHAR,'n',10,357)
LexToken(CHAR,'o',10,358)
LexToken(CHAR,'t',10,359)
LexToken(SPACE,' ',10,360)
LexToken(CHAR,'f',10,361)
LexToken(CHAR,'e',10,362)
LexToken(CHAR,'e',10,363)
LexToken(CHAR,'l',10,364)
LexToken(SPACE,' ',10,365)
LexToken(CHAR,'a',10,366)
LexToken(SPACE,' ',10,367)
LexToken(CHAR,'t',10,368)
LexToken(CHAR,'h',10,369)
LexToken(CHAR,'i',10,370)
LexToken(CHAR,'n',10,371)
LexToken(CHAR,'g',10,372)
LexToken(CHAR,'.',10,373)
LexToken(CHAR,'i',10,374)
LexToken(SPACE,' ',10,375)
LexToken(CHAR,'w',10,376)
LexToken(CHAR,'i',10,377)
LexToken(CHAR,'s',10,378)
LexToken(CHAR,'h',10,379)
LexToken(SPACE,' ',10,380)
LexToken(CHAR,'i',10,381)
LexToken(SPACE,' ',10,382)
LexToken(CHAR,'h',10,383)
LexToken(CHAR,'a',10,384)
LexToken(CHAR,'v',10,385)
LexToken(CHAR,'e',10,386)
LexToken(SPACE,' ',10,387)
LexToken(L_SB,'[',10,388)
LexToken(CHAR,'s',10,389)
LexToken(CHAR,'h',10,390)
LexToken(CHAR,'o',10,391)
LexToken(CHAR,'e',10,392)
LexToken(CHAR,'s',10,393)
LexToken(R_SB,']',10,394)
LexToken(L_RB,'(',10,395)
LexToken(URL,'http://www.taobao.com/',10,396)
LexToken(R_RB,')',10,418)
LexToken(SPACE,' ',10,419)
LexToken(CHAR,'l',10,420)
LexToken(CHAR,'i',10,421)
LexToken(CHAR,'k',10,422)
LexToken(CHAR,'e',10,423)
LexToken(SPACE,' ',10,424)
LexToken(CHAR,'t',10,425)
LexToken(CHAR,'h',10,426)
LexToken(CHAR,'a',10,427)
LexToken(CHAR,'t',10,428)
LexToken(CHAR,'.',10,429)
LexToken(CR,' \n',10,430)
LexToken(CR,'\n',11,433)
LexToken(CHAR,'m',12,434)
LexToken(CHAR,'y',12,435)
LexToken(SPACE,' ',12,436)
LexToken(CODEOPEN,'`',12,437)
LexToken(CHAR,'m',12,438)
LexToken(CHAR,'a',12,439)
LexToken(CHAR,'m',12,440)
LexToken(CHAR,'a',12,441)
LexToken(CODECLOSE,'`',12,442)
LexToken(SPACE,' ',12,443)
LexToken(CHAR,'a',12,444)
LexToken(CHAR,'l',12,445)
LexToken(CHAR,'w',12,446)
LexToken(CHAR,'a',12,447)
LexToken(CHAR,'y',12,448)
LexToken(CHAR,'s',12,449)
LexToken(SPACE,' ',12,450)
LexToken(CHAR,'s',12,451)
LexToken(CHAR,'a',12,452)
LexToken(CHAR,'i',12,453)
LexToken(CHAR,'d',12,454)
LexToken(SPACE,' ',12,455)
LexToken(CHAR,'t',12,456)
LexToken(CHAR,'h',12,457)
LexToken(CHAR,'e',12,458)
LexToken(CHAR,'r',12,459)
LexToken(CHAR,'e',12,460)
LexToken(CHAR,"'",12,461)
LexToken(CHAR,'s',12,462)
LexToken(SPACE,' ',12,463)
LexToken(CHAR,'a',12,464)
LexToken(CHAR,'n',12,465)
LexToken(SPACE,' ',12,466)
LexToken(CHAR,'a',12,467)
LexToken(CHAR,'w',12,468)
LexToken(CHAR,'f',12,469)
LexToken(CHAR,'u',12,470)
LexToken(CHAR,'l',12,471)
LexToken(SPACE,' ',12,472)
LexToken(CHAR,'l',12,473)
LexToken(CHAR,'o',12,474)
LexToken(CHAR,'t',12,475)
LexToken(SPACE,' ',12,476)
LexToken(CHAR,'y',12,477)
LexToken(CHAR,'o',12,478)
LexToken(CHAR,'u',12,479)
LexToken(SPACE,' ',12,480)
LexToken(CHAR,'c',12,481)
LexToken(CHAR,'a',12,482)
LexToken(CHAR,'n',12,483)
LexToken(SPACE,' ',12,484)
LexToken(CHAR,'t',12,485)
LexToken(CHAR,'e',12,486)
LexToken(CHAR,'l',12,487)
LexToken(CHAR,'l',12,488)
LexToken(SPACE,' ',12,489)
LexToken(CHAR,'a',12,490)
LexToken(CHAR,'b',12,491)
LexToken(CHAR,'o',12,492)
LexToken(CHAR,'u',12,493)
LexToken(CHAR,'t',12,494)
LexToken(SPACE,' ',12,495)
LexToken(CHAR,'a',12,496)
LexToken(SPACE,' ',12,497)
LexToken(CHAR,'p',12,498)
LexToken(CHAR,'e',12,499)
LexToken(CHAR,'r',12,500)
LexToken(CHAR,'s',12,501)
LexToken(CHAR,'o',12,502)
LexToken(CHAR,'n',12,503)
LexToken(SPACE,' ',12,504)
LexToken(CHAR,'b',12,505)
LexToken(CHAR,'y',12,506)
LexToken(SPACE,' ',12,507)
LexToken(CHAR,'t',12,508)
LexToken(CHAR,'h',12,509)
LexToken(CHAR,'e',12,510)
LexToken(CHAR,'i',12,511)
LexToken(CHAR,'r',12,512)
LexToken(SPACE,' ',12,513)
LexToken(CHAR,'s',12,514)
LexToken(CHAR,'h',12,515)
LexToken(CHAR,'o',12,516)
LexToken(CHAR,'e',12,517)
LexToken(CHAR,'s',12,518)
LexToken(CHAR,'.',12,519)
LexToken(CHAR,'w',12,520)
LexToken(CHAR,'h',12,521)
LexToken(CHAR,'e',12,522)
LexToken(CHAR,'r',12,523)
LexToken(CHAR,'e',12,524)
LexToken(SPACE,' ',12,525)
LexToken(CHAR,'t',12,526)
LexToken(CHAR,'h',12,527)
LexToken(CHAR,'e',12,528)
LexToken(CHAR,'y',12,529)
LexToken(CHAR,"'",12,530)
LexToken(CHAR,'r',12,531)
LexToken(CHAR,'e',12,532)
LexToken(SPACE,' ',12,533)
LexToken(CHAR,'g',12,534)
LexToken(CHAR,'o',12,535)
LexToken(CHAR,'n',12,536)
LexToken(CHAR,'e',12,537)
LexToken(CHAR,',',12,538)
LexToken(SPACE,' ',12,539)
LexToken(CHAR,'w',12,540)
LexToken(CHAR,'h',12,541)
LexToken(CHAR,'e',12,542)
LexToken(CHAR,'r',12,543)
LexToken(CHAR,'e',12,544)
LexToken(SPACE,' ',12,545)
LexToken(CHAR,'t',12,546)
LexToken(CHAR,'h',12,547)
LexToken(CHAR,'e',12,548)
LexToken(CHAR,'y',12,549)
LexToken(CHAR,"'",12,550)
LexToken(CHAR,'v',12,551)
LexToken(CHAR,'e',12,552)
LexToken(SPACE,' ',12,553)
LexToken(STAROPEN,'*',12,554)
LexToken(CHAR,'b',12,555)
LexToken(CHAR,'e',12,556)
LexToken(CHAR,'e',12,557)
LexToken(CHAR,'n',12,558)
LexToken(STARCLOSE,'*',12,559)
LexToken(CHAR,'.',12,560)
LexToken(CR,'\n\n',12,561)
LexToken(H2,'## ',14,563)
LexToken(CHAR,'R',14,566)
LexToken(CHAR,'E',14,567)
LexToken(CHAR,'V',14,568)
LexToken(CHAR,'I',14,569)
LexToken(CHAR,'E',14,570)
LexToken(CHAR,'W',14,571)
LexToken(CHAR,'S',14,572)
LexToken(CR,'\n\n',14,573)
LexToken(L_AB,'<',16,575)
LexToken(URL,'http://www.github.com/guoylyy/',16,576)
LexToken(R_AB,'>',16,606)
LexToken(UNORDERLIST,'unorder',16,607)
LexToken(CHAR,'i',16,611)
LexToken(SPACE,' ',16,612)
LexToken(CHAR,'l',16,613)
LexToken(CHAR,'i',16,614)
LexToken(CHAR,'k',16,615)
LexToken(CHAR,'e',16,616)
LexToken(SPACE,' ',16,617)
LexToken(CHAR,'t',16,618)
LexToken(CHAR,'h',16,619)
LexToken(CHAR,'i',16,620)
LexToken(CHAR,'s',16,621)
LexToken(SPACE,' ',16,622)
LexToken(CHAR,'f',16,623)
LexToken(CHAR,'i',16,624)
LexToken(CHAR,'l',16,625)
LexToken(CHAR,'m',16,626)
LexToken(CHAR,'.',16,627)
LexToken(CR,'\n\n',16,628)
LexToken(MINUS,'---',18,630)
LexToken(CR,'\n',18,633)
LexToken(L_AB,'<',19,634)
LexToken(URL,'http://www.github.com/guoylyy/',19,635)
LexToken(R_AB,'>',19,665)
LexToken(ORDERLIST,'order',19,666)
LexToken(CHAR,'i',19,671)
LexToken(SPACE,' ',19,672)
LexToken(CHAR,'w',19,673)
LexToken(CHAR,'i',19,674)
LexToken(CHAR,'s',19,675)
LexToken(CHAR,'h',19,676)
LexToken(SPACE,' ',19,677)
LexToken(CHAR,'j',19,678)
LexToken(CHAR,'e',19,679)
LexToken(CHAR,'n',19,680)
LexToken(CHAR,'n',19,681)
LexToken(CHAR,'y',19,682)
LexToken(SPACE,' ',19,683)
LexToken(CHAR,'c',19,684)
LexToken(CHAR,'a',19,685)
LexToken(CHAR,'n',19,686)
LexToken(SPACE,' ',19,687)
LexToken(CHAR,'m',19,688)
LexToken(CHAR,'a',19,689)
LexToken(CHAR,'r',19,690)
LexToken(CHAR,'r',19,691)
LexToken(CHAR,'y',19,692)
LexToken(SPACE,' ',19,693)
LexToken(CHAR,'w',19,694)
LexToken(CHAR,'i',19,695)
LexToken(CHAR,'t',19,696)
LexToken(CHAR,'h',19,697)
LexToken(SPACE,' ',19,698)
LexToken(CHAR,'g',19,699)
LexToken(CHAR,'u',19,700)
LexToken(CHAR,'m',19,701)
LexToken(CHAR,'p',19,702)
LexToken(SPACE,' ',19,703)
LexToken(CHAR,'e',19,704)
LexToken(CHAR,'a',19,705)
LexToken(CHAR,'r',19,706)
LexToken(CHAR,'l',19,707)
LexToken(CHAR,'y',19,708)
LexToken(CHAR,'.',19,709)
LexToken(ORDERLIST,'order',19,710)
LexToken(CHAR,'d',19,714)
LexToken(CHAR,'k',19,715)
LexToken(CHAR,'s',19,716)
LexToken(CHAR,'l',19,717)
LexToken(CHAR,'a',19,718)
LexToken(CHAR,'k',19,719)
LexToken(CR,'\n\n',19,720)
LexToken(EQUAL,'===',21,722)
LexToken(CR,'\n\n',21,725)
LexToken(L_AB,'<',23,727)
LexToken(URL,'http://www.github.com/guoylyy/',23,728)
LexToken(R_AB,'>',23,758)
LexToken(UNORDERLIST,'unorder',23,759)
LexToken(CHAR,'i',23,763)
LexToken(SPACE,' ',23,764)
LexToken(CHAR,'w',23,765)
LexToken(CHAR,'i',23,766)
LexToken(CHAR,'s',23,767)
LexToken(CHAR,'h',23,768)
LexToken(SPACE,' ',23,769)
LexToken(CHAR,'j',23,770)
LexToken(CHAR,'e',23,771)
LexToken(CHAR,'n',23,772)
LexToken(CHAR,'n',23,773)
LexToken(CHAR,'y',23,774)
LexToken(SPACE,' ',23,775)
LexToken(CHAR,'c',23,776)
LexToken(CHAR,'a',23,777)
LexToken(CHAR,'n',23,778)
LexToken(SPACE,' ',23,779)
LexToken(CHAR,'m',23,780)
LexToken(CHAR,'a',23,781)
LexToken(CHAR,'r',23,782)
LexToken(CHAR,'r',23,783)
LexToken(CHAR,'y',23,784)
LexToken(SPACE,' ',23,785)
LexToken(CHAR,'w',23,786)
LexToken(CHAR,'i',23,787)
LexToken(CHAR,'t',23,788)
LexToken(CHAR,'h',23,789)
LexToken(SPACE,' ',23,790)
LexToken(CHAR,'g',23,791)
LexToken(CHAR,'u',23,792)
LexToken(CHAR,'m',23,793)
LexToken(CHAR,'p',23,794)
LexToken(SPACE,' ',23,795)
LexToken(CHAR,'e',23,796)
LexToken(CHAR,'a',23,797)
LexToken(CHAR,'r',23,798)
LexToken(CHAR,'l',23,799)
LexToken(CHAR,'y',23,800)
LexToken(CHAR,'.',23,801)
LexToken(STAR,'\n\n* * *',23,802)
LexToken(CR,'\n\n\n\n\n',23,809)
